[2024-08-13 07:35:36,602: INFO: main: Welcome to the logging file]
[2024-08-13 07:45:02,640: INFO: main: Welcome to custom logs]
[2024-08-13 07:46:37,528: INFO: main: Welcome to custom logs]
[2024-08-15 04:43:59,891: INFO: comman: yaml file:config\config.yaml load sucessfully]
[2024-08-15 04:43:59,896: INFO: comman: yaml file:params.yaml load sucessfully]
[2024-08-15 04:57:23,933: INFO: comman: yaml file:config\config.yaml load sucessfully]
[2024-08-15 04:57:23,942: INFO: comman: yaml file:params.yaml load sucessfully]
[2024-08-15 05:01:58,657: INFO: comman: yaml file:config\config.yaml load sucessfully]
[2024-08-15 05:01:58,657: INFO: comman: yaml file:params.yaml load sucessfully]
[2024-08-15 05:01:58,657: INFO: comman: Directorys:artifacts sucessfully]
[2024-08-15 05:01:58,673: INFO: 4231104250: Downloading data from https://drive.google.com/file/d/1ecywMHUGscWQMX0OpgE61pliJ2MOepbO/view?usp=drive_link to artifacts/data_ingestion/data.zip]
[2024-08-15 05:02:34,672: INFO: 4231104250: Downloaded data from https://drive.google.com/file/d/1ecywMHUGscWQMX0OpgE61pliJ2MOepbO/view?usp=drive_link to artifacts/data_ingestion/data.zip]
[2024-08-15 05:05:35,562: INFO: comman: yaml file:config\config.yaml load sucessfully]
[2024-08-15 05:05:35,566: INFO: comman: yaml file:params.yaml load sucessfully]
[2024-08-15 05:05:35,566: INFO: comman: Directorys:artifacts sucessfully]
[2024-08-15 05:11:44,770: INFO: comman: yaml file:config\config.yaml load sucessfully]
[2024-08-15 05:11:44,781: INFO: comman: yaml file:params.yaml load sucessfully]
[2024-08-15 05:11:44,784: INFO: comman: Directorys:artifacts sucessfully]
[2024-08-15 05:12:41,762: INFO: comman: yaml file:config\config.yaml load sucessfully]
[2024-08-15 05:12:41,765: INFO: comman: yaml file:params.yaml load sucessfully]
[2024-08-15 05:12:41,771: INFO: comman: Directorys:artifacts sucessfully]
[2024-08-15 05:13:39,509: INFO: comman: yaml file:config\config.yaml load sucessfully]
[2024-08-15 05:13:39,509: INFO: comman: yaml file:params.yaml load sucessfully]
[2024-08-15 05:13:39,515: INFO: comman: Directorys:artifacts sucessfully]
[2024-08-15 05:13:39,515: INFO: 4231104250: Downloading data from https://drive.google.com/file/d/1ecywMHUGscWQMX0OpgE61pliJ2MOepbO/view?usp=drive_link to artifacts/data_ingestion/data.zip]
[2024-08-15 05:14:38,573: INFO: 4231104250: Downloaded data from https://drive.google.com/file/d/1ecywMHUGscWQMX0OpgE61pliJ2MOepbO/view?usp=drive_link to artifacts/data_ingestion/data.zip]
[2024-08-15 05:14:57,183: INFO: comman: yaml file:config\config.yaml load sucessfully]
[2024-08-15 05:14:57,183: INFO: comman: yaml file:params.yaml load sucessfully]
[2024-08-15 05:14:57,183: INFO: comman: Directorys:artifacts sucessfully]
[2024-08-15 05:14:57,189: INFO: 4231104250: Downloading data from https://drive.google.com/file/d/1ecywMHUGscWQMX0OpgE61pliJ2MOepbO/view?usp=drive_link to artifacts/data_ingestion/data.zip]
[2024-08-15 05:15:47,306: INFO: 4231104250: Downloaded data from https://drive.google.com/file/d/1ecywMHUGscWQMX0OpgE61pliJ2MOepbO/view?usp=drive_link to artifacts/data_ingestion/data.zip]
[2024-08-15 05:23:19,756: INFO: comman: yaml file:config\config.yaml load sucessfully]
[2024-08-15 05:23:19,761: INFO: comman: yaml file:params.yaml load sucessfully]
[2024-08-15 05:23:58,187: INFO: comman: yaml file:config\config.yaml load sucessfully]
[2024-08-15 05:23:58,190: INFO: comman: yaml file:params.yaml load sucessfully]
[2024-08-15 05:23:58,192: INFO: comman: Directorys:artifacts sucessfully]
[2024-08-15 05:24:26,122: INFO: comman: yaml file:config\config.yaml load sucessfully]
[2024-08-15 05:24:26,127: INFO: comman: yaml file:params.yaml load sucessfully]
[2024-08-15 05:24:26,127: INFO: comman: Directorys:artifacts sucessfully]
[2024-08-15 05:24:26,132: INFO: comman: Directorys:artifacts/data_ingestion sucessfully]
[2024-08-15 05:24:26,132: INFO: 986331348: Downloading data from https://drive.google.com/file/d/1ecywMHUGscWQMX0OpgE61pliJ2MOepbO/view?usp=drive_link into file artifacts/data_ingestion/data.zip]
[2024-08-15 05:25:03,484: INFO: 986331348: Downloaded data from https://drive.google.com/file/d/1ecywMHUGscWQMX0OpgE61pliJ2MOepbO/view?usp=drive_link into file artifacts/data_ingestion/data.zip]
[2024-08-15 05:26:12,041: INFO: comman: yaml file:config\config.yaml load sucessfully]
[2024-08-15 05:26:12,046: INFO: comman: yaml file:params.yaml load sucessfully]
[2024-08-15 05:26:12,051: INFO: comman: Directorys:artifacts sucessfully]
[2024-08-15 05:26:12,051: INFO: comman: Directorys:artifacts/data_ingestion sucessfully]
[2024-08-15 05:27:19,086: INFO: comman: yaml file:config\config.yaml load sucessfully]
[2024-08-15 05:27:19,086: INFO: comman: yaml file:params.yaml load sucessfully]
[2024-08-15 05:27:19,091: INFO: comman: Directorys:artifacts sucessfully]
[2024-08-15 05:27:19,091: INFO: comman: Directorys:artifacts/data_ingestion sucessfully]
[2024-08-15 05:28:34,704: INFO: comman: yaml file:config\config.yaml load sucessfully]
[2024-08-15 05:28:34,704: INFO: comman: yaml file:params.yaml load sucessfully]
[2024-08-15 05:28:34,709: INFO: comman: Directorys:artifacts sucessfully]
[2024-08-15 05:30:01,630: INFO: comman: yaml file:config\config.yaml load sucessfully]
[2024-08-15 05:30:01,635: INFO: comman: yaml file:params.yaml load sucessfully]
[2024-08-15 05:30:01,635: INFO: comman: Directorys:artifacts sucessfully]
[2024-08-15 05:31:02,063: INFO: comman: yaml file:config\config.yaml load sucessfully]
[2024-08-15 05:31:02,068: INFO: comman: yaml file:params.yaml load sucessfully]
[2024-08-15 05:31:02,068: INFO: comman: Directorys:artifacts sucessfully]
[2024-08-15 05:34:19,353: INFO: comman: yaml file:config\config.yaml load sucessfully]
[2024-08-15 05:34:19,353: INFO: comman: yaml file:params.yaml load sucessfully]
[2024-08-15 05:34:19,358: INFO: comman: Directorys:artifacts sucessfully]
[2024-08-15 05:34:19,361: INFO: 2014032573: Downloading data from https://drive.google.com/file/d/1ecywMHUGscWQMX0OpgE61pliJ2MOepbO/view?usp=drive_link to artifacts/data_ingestion/data.zip]
[2024-08-15 05:35:19,007: INFO: 2014032573: Downloaded data from https://drive.google.com/file/d/1ecywMHUGscWQMX0OpgE61pliJ2MOepbO/view?usp=drive_link to artifacts/data_ingestion/data.zip]
[2024-08-15 06:07:16,809: ERROR: main: name 'STAGE_NAME' is not defined]
Traceback (most recent call last):
  File "D:\AI\Kidney-Disease-Classification-MLflow-DVC\main.py", line 6, in <module>
    logger.info(f">>>>stage:{STAGE_NAME} started<<<<<<")
NameError: name 'STAGE_NAME' is not defined
[2024-08-15 06:07:57,833: INFO: main: >>>>stage:Data Ingestion Stage started<<<<<<]
[2024-08-15 06:07:57,843: INFO: comman: yaml file:config\config.yaml load sucessfully]
[2024-08-15 06:07:57,848: INFO: comman: yaml file:params.yaml load sucessfully]
[2024-08-15 06:07:57,848: INFO: comman: Directorys:artifacts sucessfully]
[2024-08-15 06:07:57,853: ERROR: main: name 'os' is not defined]
Traceback (most recent call last):
  File "D:\AI\Kidney-Disease-Classification-MLflow-DVC\main.py", line 9, in <module>
    obj.main()
  File "D:\AI\Kidney-Disease-Classification-MLflow-DVC\src\cnnClassifier\pipeline\stage01_data_ingestion.py", line 11, in main
    data_ingestion_config = config.get_data_ingestion_config()
  File "D:\AI\Kidney-Disease-Classification-MLflow-DVC\src\cnnClassifier\config\configration.py", line 16, in get_data_ingestion_config
    os.makedirs(config.root_dir,exist_ok = True)
NameError: name 'os' is not defined
[2024-08-15 06:09:27,072: INFO: main: >>>>stage:Data Ingestion Stage started<<<<<<]
[2024-08-15 06:09:27,082: INFO: comman: yaml file:config\config.yaml load sucessfully]
[2024-08-15 06:09:27,087: INFO: comman: yaml file:params.yaml load sucessfully]
[2024-08-15 06:09:27,087: INFO: comman: Directorys:artifacts sucessfully]
[2024-08-15 06:09:27,087: INFO: data_ingestion: Downloading data from https://drive.google.com/file/d/1ecywMHUGscWQMX0OpgE61pliJ2MOepbO/view?usp=drive_link to artifacts/data_ingestion/data.zip]
[2024-08-15 06:10:10,648: INFO: data_ingestion: Downloaded data from https://drive.google.com/file/d/1ecywMHUGscWQMX0OpgE61pliJ2MOepbO/view?usp=drive_link to artifacts/data_ingestion/data.zip]
[2024-08-15 06:10:13,751: INFO: main: >>>>>stage:Data Ingestion Stage completed<<<<<]
[2024-08-15 06:19:25,674: INFO: main: >>>>stage:Data Ingestion Stage started<<<<<<]
[2024-08-15 06:19:25,679: INFO: comman: yaml file:config\config.yaml load sucessfully]
[2024-08-15 06:19:25,699: INFO: comman: yaml file:params.yaml load sucessfully]
[2024-08-15 06:19:25,704: INFO: comman: Directorys:artifacts sucessfully]
[2024-08-15 06:19:25,704: INFO: data_ingestion: Downloading data from https://drive.google.com/file/d/1ecywMHUGscWQMX0OpgE61pliJ2MOepbO/view?usp=drive_link to artifacts/data_ingestion/data.zip]
[2024-08-15 06:20:30,410: INFO: data_ingestion: Downloaded data from https://drive.google.com/file/d/1ecywMHUGscWQMX0OpgE61pliJ2MOepbO/view?usp=drive_link to artifacts/data_ingestion/data.zip]
[2024-08-15 06:20:33,756: INFO: main: >>>>>stage:Data Ingestion Stage completed<<<<<]
[2024-08-17 02:51:43,026: INFO: utils: NumExpr defaulting to 4 threads.]
[2024-08-17 02:51:46,041: INFO: main: >>>>stage:Data Ingestion Stage started<<<<<<]
[2024-08-17 02:51:46,066: INFO: comman: yaml file:config\config.yaml load sucessfully]
[2024-08-17 02:51:46,076: INFO: comman: yaml file:params.yaml load sucessfully]
[2024-08-17 02:51:46,081: INFO: comman: Directorys:artifacts sucessfully]
[2024-08-17 02:51:46,081: INFO: data_ingestion: Downloading data from https://drive.google.com/file/d/1ecywMHUGscWQMX0OpgE61pliJ2MOepbO/view?usp=drive_link to artifacts/data_ingestion/data.zip]
[2024-08-17 02:53:11,632: INFO: data_ingestion: Downloaded data from https://drive.google.com/file/d/1ecywMHUGscWQMX0OpgE61pliJ2MOepbO/view?usp=drive_link to artifacts/data_ingestion/data.zip]
[2024-08-17 02:53:13,517: INFO: main: >>>>>stage:Data Ingestion Stage completed<<<<<]
[2024-08-17 02:56:17,620: INFO: utils: NumExpr defaulting to 4 threads.]
[2024-08-17 03:35:21,418: INFO: comman: yaml file:config\config.yaml load sucessfully]
[2024-08-17 03:35:21,428: INFO: comman: yaml file:params.yaml load sucessfully]
[2024-08-17 03:39:47,975: INFO: comman: yaml file:config\config.yaml load sucessfully]
[2024-08-17 03:39:47,980: INFO: comman: yaml file:params.yaml load sucessfully]
[2024-08-17 03:39:47,985: INFO: comman: Directorys:artifacts sucessfully]
[2024-08-17 03:39:47,985: INFO: comman: Directorys:artifacts/prepare_base_model sucessfully]
[2024-08-17 03:40:28,032: WARNING: saving_utils: Compiled the loaded model, but the compiled metrics have yet to be built. `model.compile_metrics` will be empty until you train or evaluate the model.]
[2024-08-17 03:42:14,400: INFO: comman: yaml file:config\config.yaml load sucessfully]
[2024-08-17 03:42:14,405: INFO: comman: yaml file:params.yaml load sucessfully]
[2024-08-17 03:42:14,410: INFO: comman: Directorys:artifacts sucessfully]
[2024-08-17 03:42:14,410: INFO: comman: Directorys:artifacts/prepare_base_model sucessfully]
[2024-08-17 03:42:17,043: WARNING: saving_utils: Compiled the loaded model, but the compiled metrics have yet to be built. `model.compile_metrics` will be empty until you train or evaluate the model.]
[2024-08-17 03:44:05,957: INFO: comman: yaml file:config\config.yaml load sucessfully]
[2024-08-17 03:44:05,959: INFO: comman: yaml file:params.yaml load sucessfully]
[2024-08-17 03:44:05,964: INFO: comman: Directorys:artifacts sucessfully]
[2024-08-17 03:44:05,964: INFO: comman: Directorys:artifacts/prepare_base_model sucessfully]
[2024-08-17 03:44:08,545: WARNING: saving_utils: Compiled the loaded model, but the compiled metrics have yet to be built. `model.compile_metrics` will be empty until you train or evaluate the model.]
[2024-08-17 03:44:49,766: INFO: comman: yaml file:config\config.yaml load sucessfully]
[2024-08-17 03:44:49,771: INFO: comman: yaml file:params.yaml load sucessfully]
[2024-08-17 03:44:49,771: INFO: comman: Directorys:artifacts sucessfully]
[2024-08-17 03:44:49,776: INFO: comman: Directorys:artifacts/prepare_base_model sucessfully]
[2024-08-17 03:44:52,673: WARNING: saving_utils: Compiled the loaded model, but the compiled metrics have yet to be built. `model.compile_metrics` will be empty until you train or evaluate the model.]
[2024-08-17 03:45:29,106: INFO: comman: yaml file:config\config.yaml load sucessfully]
[2024-08-17 03:45:29,111: INFO: comman: yaml file:params.yaml load sucessfully]
[2024-08-17 03:45:29,116: INFO: comman: Directorys:artifacts sucessfully]
[2024-08-17 03:45:29,116: INFO: comman: Directorys:artifacts/prepare_base_model sucessfully]
[2024-08-17 03:45:32,044: WARNING: saving_utils: Compiled the loaded model, but the compiled metrics have yet to be built. `model.compile_metrics` will be empty until you train or evaluate the model.]
[2024-08-17 03:47:46,698: INFO: comman: yaml file:config\config.yaml load sucessfully]
[2024-08-17 03:47:46,708: INFO: comman: yaml file:params.yaml load sucessfully]
[2024-08-17 03:47:46,711: INFO: comman: Directorys:artifacts sucessfully]
[2024-08-17 03:47:46,713: INFO: comman: Directorys:artifacts/prepare_base_model sucessfully]
[2024-08-17 03:47:49,898: WARNING: saving_utils: Compiled the loaded model, but the compiled metrics have yet to be built. `model.compile_metrics` will be empty until you train or evaluate the model.]
[2024-08-17 03:48:09,879: INFO: comman: yaml file:config\config.yaml load sucessfully]
[2024-08-17 03:48:09,884: INFO: comman: yaml file:params.yaml load sucessfully]
[2024-08-17 03:48:09,889: INFO: comman: Directorys:artifacts sucessfully]
[2024-08-17 03:48:09,889: INFO: comman: Directorys:artifacts/prepare_base_model sucessfully]
[2024-08-17 03:48:13,133: WARNING: saving_utils: Compiled the loaded model, but the compiled metrics have yet to be built. `model.compile_metrics` will be empty until you train or evaluate the model.]
[2024-08-17 03:50:10,610: INFO: comman: yaml file:config\config.yaml load sucessfully]
[2024-08-17 03:50:10,620: INFO: comman: yaml file:params.yaml load sucessfully]
[2024-08-17 03:50:10,620: INFO: comman: Directorys:artifacts sucessfully]
[2024-08-17 03:50:10,620: INFO: comman: Directorys:artifacts/prepare_base_model sucessfully]
[2024-08-17 03:50:13,666: WARNING: saving_utils: Compiled the loaded model, but the compiled metrics have yet to be built. `model.compile_metrics` will be empty until you train or evaluate the model.]
[2024-08-17 03:50:37,827: INFO: comman: yaml file:config\config.yaml load sucessfully]
[2024-08-17 03:50:37,832: INFO: comman: yaml file:params.yaml load sucessfully]
[2024-08-17 03:50:37,835: INFO: comman: Directorys:artifacts sucessfully]
[2024-08-17 03:50:37,837: INFO: comman: Directorys:artifacts/prepare_base_model sucessfully]
[2024-08-17 03:50:40,490: WARNING: saving_utils: Compiled the loaded model, but the compiled metrics have yet to be built. `model.compile_metrics` will be empty until you train or evaluate the model.]
[2024-08-17 04:34:44,035: INFO: utils: NumExpr defaulting to 4 threads.]
[2024-08-17 04:36:03,258: INFO: utils: NumExpr defaulting to 4 threads.]
[2024-08-17 04:36:05,873: INFO: main: >>>>stage:Data Ingestion Stage started<<<<<<]
[2024-08-17 04:36:05,944: INFO: comman: yaml file:config\config.yaml load sucessfully]
[2024-08-17 04:36:05,960: INFO: comman: yaml file:params.yaml load sucessfully]
[2024-08-17 04:36:05,963: INFO: comman: Directorys:artifacts sucessfully]
[2024-08-17 04:36:05,970: INFO: data_ingestion: Downloading data from https://drive.google.com/file/d/1ecywMHUGscWQMX0OpgE61pliJ2MOepbO/view?usp=drive_link to artifacts/data_ingestion/data.zip]
[2024-08-17 04:36:51,274: INFO: data_ingestion: Downloaded data from https://drive.google.com/file/d/1ecywMHUGscWQMX0OpgE61pliJ2MOepbO/view?usp=drive_link to artifacts/data_ingestion/data.zip]
[2024-08-17 04:36:54,253: INFO: main: >>>>>stage:Data Ingestion Stage completed<<<<<]
[2024-08-17 04:36:54,256: INFO: main: >>>>stage:Preparebase model started<<<<<<]
[2024-08-17 04:36:54,278: INFO: comman: yaml file:config\config.yaml load sucessfully]
[2024-08-17 04:36:54,306: INFO: comman: yaml file:params.yaml load sucessfully]
[2024-08-17 04:36:54,311: INFO: comman: Directorys:artifacts sucessfully]
[2024-08-17 04:36:54,317: INFO: comman: Directorys:artifacts/prepare_base_model sucessfully]
[2024-08-17 04:36:56,891: WARNING: saving_utils: Compiled the loaded model, but the compiled metrics have yet to be built. `model.compile_metrics` will be empty until you train or evaluate the model.]
[2024-08-17 04:36:58,029: INFO: main: >>>>>stage:Preparebase model completed<<<<<]
